2025-03-19 21:45:10 [main] INFO  UserTest - ------------------crating user--------------
2025-03-19 21:45:19 [main] INFO  UserTest - ------------------geting user--------------
2025-03-19 21:45:19 [main] INFO  UserTest - ------------------updating  user--------------
2025-03-19 21:45:21 [main] INFO  UserTest - ------------------  user is updated --------------
2025-03-19 21:45:21 [main] INFO  UserTest - ------------------  deleting user--------------
2025-03-20 08:07:34 [main] INFO  UserTest - ------------------crating user--------------
2025-03-20 08:07:40 [main] INFO  UserTest - ------------------geting user--------------
2025-03-20 08:07:40 [main] INFO  UserTest - ------------------updating  user--------------
2025-03-20 08:07:42 [main] INFO  UserTest - ------------------  user is updated --------------
2025-03-20 08:07:42 [main] INFO  UserTest - ------------------  deleting user--------------
2025-03-20 08:17:23 [main] INFO  UserTest - ------------------crating user--------------
2025-03-20 08:17:29 [main] INFO  UserTest - ------------------geting user--------------
2025-03-20 08:17:29 [main] INFO  UserTest - ------------------updating  user--------------
2025-03-20 08:17:31 [main] INFO  UserTest - ------------------  user is updated --------------
2025-03-20 08:17:31 [main] INFO  UserTest - ------------------  deleting user--------------
2025-03-20 08:21:59 [main] INFO  UserTest - ------------------crating user--------------
2025-03-20 08:22:05 [main] INFO  UserTest - ------------------geting user--------------
2025-03-20 08:22:06 [main] INFO  UserTest - ------------------updating  user--------------
2025-03-20 08:22:08 [main] INFO  UserTest - ------------------  user is updated --------------
2025-03-20 08:22:08 [main] INFO  UserTest - ------------------  deleting user--------------
2025-03-20 08:30:39 [main] INFO  UserTest - ------------------crating user--------------
2025-03-20 08:30:46 [main] INFO  UserTest - ------------------geting user--------------
2025-03-20 08:30:48 [main] INFO  UserTest - ------------------updating  user--------------
2025-03-20 08:30:50 [main] INFO  UserTest - ------------------  user is updated --------------
2025-03-20 08:30:52 [main] INFO  UserTest - ------------------  deleting user--------------
2025-03-20 08:30:53 [main] INFO  UserTest - ------------------  user is deleted --------------
2025-03-20 08:36:22 [main] INFO  UserTest - ------------------crating user--------------
2025-03-20 08:36:29 [main] INFO  UserTest - ------------------geting user--------------
2025-03-20 08:36:30 [main] INFO  UserTest - ------------------updating  user--------------
2025-03-20 08:36:32 [main] INFO  UserTest - ------------------  user is updated --------------
2025-03-20 08:36:34 [main] INFO  UserTest - ------------------  deleting user--------------
2025-03-20 08:36:36 [main] INFO  UserTest - ------------------  user is deleted --------------
2025-03-20 08:39:04 [main] INFO  UserTest - ------------------crating user--------------
2025-03-20 08:39:27 [main] INFO  UserTest - ------------------geting user--------------
2025-03-20 08:39:29 [main] INFO  UserTest - ------------------updating  user--------------
2025-03-20 08:39:30 [main] INFO  UserTest - ------------------  user is updated --------------
2025-03-20 08:39:32 [main] INFO  UserTest - ------------------  deleting user--------------
2025-03-20 08:39:34 [main] INFO  UserTest - ------------------  user is deleted --------------
2025-03-20 08:46:48 [main] INFO  UserTest - ------------------crating user--------------
2025-03-20 08:46:55 [main] INFO  UserTest - ------------------geting user--------------
2025-03-20 08:46:55 [main] INFO  UserTest - ------------------updating  user--------------
2025-03-20 08:46:57 [main] INFO  UserTest - ------------------  user is updated --------------
2025-03-20 08:46:57 [main] INFO  UserTest - ------------------  deleting user--------------
2025-03-20 08:46:59 [main] INFO  UserTest - ------------------  user is deleted --------------
2025-03-20 08:48:20 [main] INFO  UserTest - ------------------crating user--------------
2025-03-20 08:48:26 [main] INFO  UserTest - ------------------geting user--------------
2025-03-20 08:48:28 [main] INFO  UserTest - ------------------ user created--------------
2025-03-20 08:48:28 [main] INFO  UserTest - ------------------updating  user--------------
2025-03-20 08:48:30 [main] INFO  UserTest - ------------------  user is updated --------------
2025-03-20 08:48:32 [main] INFO  UserTest - ------------------  deleting user--------------
2025-03-20 08:48:33 [main] INFO  UserTest - ------------------  user is deleted --------------
2025-03-20 10:14:02 [main] INFO  UserTest - ------------------crating user--------------
2025-03-20 10:14:11 [main] INFO  UserTest - ------------------geting user--------------
2025-03-20 10:14:13 [main] INFO  UserTest - ------------------ user created--------------
2025-03-20 10:14:13 [main] INFO  UserTest - ------------------updating  user--------------
2025-03-20 10:14:15 [main] INFO  UserTest - ------------------  user is updated --------------
2025-03-20 10:14:17 [main] INFO  UserTest - ------------------  deleting user--------------
2025-03-20 10:14:19 [main] INFO  UserTest - ------------------  user is deleted --------------
2025-03-20 10:15:04 [main] INFO  UserTest - ------------------crating user--------------
2025-03-20 10:15:11 [main] INFO  UserTest - ------------------geting user--------------
2025-03-20 10:15:13 [main] INFO  UserTest - ------------------ user created--------------
2025-03-20 10:15:13 [main] INFO  UserTest - ------------------updating  user--------------
2025-03-20 10:15:15 [main] INFO  UserTest - ------------------  user is updated --------------
2025-03-20 10:15:17 [main] INFO  UserTest - ------------------  deleting user--------------
2025-03-20 10:15:19 [main] INFO  UserTest2 - ------------------crating user--------------
2025-03-20 10:15:21 [main] INFO  UserTest2 - ------------------geting user--------------
2025-03-20 10:15:21 [main] INFO  UserTest2 - ------------------updating  user--------------
2025-03-20 10:15:21 [main] INFO  UserTest2 - ------------------  deleting user--------------
2025-03-20 10:18:30 [main] INFO  UserTest - ------------------crating user--------------
2025-03-20 10:18:37 [main] INFO  UserTest - ------------------geting user--------------
2025-03-20 10:18:40 [main] INFO  UserTest - ------------------ user created--------------
2025-03-20 10:18:40 [main] INFO  UserTest - ------------------updating  user--------------
2025-03-20 10:18:42 [main] INFO  UserTest - ------------------  user is updated --------------
2025-03-20 10:18:44 [main] INFO  UserTest - ------------------  deleting user--------------
2025-03-20 10:18:46 [main] INFO  UserTest - ------------------  user is deleted --------------
2025-03-20 10:22:27 [main] INFO  UserTest - ------------------crating user--------------
2025-03-20 10:22:35 [main] INFO  UserTest - ------------------geting user--------------
2025-03-20 10:22:37 [main] INFO  UserTest - ------------------updating  user--------------
2025-03-20 10:22:39 [main] INFO  UserTest - ------------------  user is updated --------------
2025-03-20 10:22:41 [main] INFO  UserTest - ------------------  deleting user--------------
2025-03-20 10:22:42 [main] INFO  UserTest - ------------------  user is deleted --------------
2025-03-20 10:39:29 [main] INFO  UserTest - ------------------crating user--------------
2025-03-20 10:39:37 [main] INFO  UserTest - ------------------geting user--------------
2025-03-20 10:39:39 [main] INFO  UserTest - ------------------ user created--------------
2025-03-20 10:39:39 [main] INFO  UserTest - ------------------updating  user--------------
2025-03-20 10:39:41 [main] INFO  UserTest - ------------------  user is updated --------------
2025-03-20 10:39:42 [main] INFO  UserTest - ------------------  deleting user--------------
2025-03-20 10:39:44 [main] INFO  UserTest - ------------------  user is deleted --------------
2025-03-20 10:46:38 [main] INFO  UserTest - ------------------crating user--------------
2025-03-20 10:46:46 [main] INFO  UserTest - ------------------geting user--------------
2025-03-20 10:46:48 [main] INFO  UserTest - ------------------updating  user--------------
2025-03-20 10:46:50 [main] INFO  UserTest - ------------------  user is updated --------------
2025-03-20 10:46:53 [main] INFO  UserTest - ------------------  deleting user--------------
2025-03-20 10:48:59 [main] INFO  UserTest - ------------------crating user--------------
2025-03-20 10:49:06 [main] INFO  UserTest - ------------------geting user--------------
2025-03-20 10:49:09 [main] INFO  UserTest - ------------------updating  user--------------
2025-03-20 10:49:11 [main] INFO  UserTest - ------------------  user is updated --------------
2025-03-20 10:49:13 [main] INFO  UserTest - ------------------  deleting user--------------
2025-03-20 10:54:53 [main] INFO  UserTest - ------------------crating user--------------
2025-03-20 10:55:01 [main] INFO  UserTest - ------------------geting user--------------
2025-03-20 10:55:03 [main] INFO  UserTest - ------------------updating  user--------------
2025-03-20 10:55:05 [main] INFO  UserTest - ------------------  user is updated --------------
2025-03-20 10:55:06 [main] INFO  UserTest - ------------------  deleting user--------------
2025-03-20 10:55:09 [main] INFO  UserTest - ------------------  user is deleted --------------
2025-03-20 10:57:28 [main] INFO  UserTest - ------------------crating user--------------
2025-03-20 10:57:39 [main] INFO  UserTest - ------------------geting user--------------
2025-03-20 10:57:41 [main] INFO  UserTest - ------------------ user created--------------
2025-03-20 10:57:41 [main] INFO  UserTest - ------------------updating  user--------------
2025-03-20 10:57:42 [main] INFO  UserTest - ------------------  user is updated --------------
2025-03-20 10:57:44 [main] INFO  UserTest - ------------------  deleting user--------------
2025-03-20 11:00:06 [main] INFO  UserTest - ------------------crating user--------------
2025-03-20 11:00:14 [main] INFO  UserTest - ------------------geting user--------------
2025-03-20 11:00:16 [main] INFO  UserTest - ------------------ user created--------------
2025-03-20 11:00:16 [main] INFO  UserTest - ------------------updating  user--------------
2025-03-20 11:00:18 [main] INFO  UserTest - ------------------  user is updated --------------
2025-03-20 11:00:20 [main] INFO  UserTest - ------------------  deleting user--------------
2025-03-20 11:00:22 [main] INFO  UserTest - ------------------  user is deleted --------------
